GkYDXHdyf1lIV1N/fgJYB0ZOB11/ZmB0HFRgATR/PAgLEwgxKV0DExYRFAk2XhRaJAdeD21/KBgEFQU2j5JCVx1UV6fsV11QLlRCGyR/IghFAwQqbFQaWgEA984xUF1Wbw==
GkYDXHdyf1lIV1N/fgJYB0ZOAFF/ZmB0HFR+CzR/KwgWFwQtOFAQE7HdFAt/VldYYRBSTikqIgwLDgU+KFRCQRcSWAErWlBYYRpcTiA9Jh4ICEE7JVYLRxMYGg==
GkYDXHdyf1lIV1N/fgJYB0ZOAVV/ZmB0HFRgC2E+IxkAFQAtbFwLXRoVFAEsQPedLxdaD21/PQgWEwAqPlRPXhdYFBQwWkcXMhtGTiB/LAgLEwQzJFBCVxNURgEpXFhCgtPwzS5x
GkYDXHdyf1lIV1N/fgJYB0ZOAVN/ZmB0HFR9reIwbx4KEkE8j4IGWhUbGEQsXEEXIFRfByM6PQkEAwR/KVxCXh0CXQk6XUBYYQRWHDGc5hkQCE8=
GkYDXHdyf1lIV1N/fgJYB0dOBFd/ZmB0HFRgATR/PAgLEwgxKV0DExYRFAk2XhRaJAdeD21/KBgEFQU2j5JCVx1UV6fsV11QLlRCGyR/IghFAwQqbFQaWgEA984xUF1Wbw==
GkYDXHdyf1lIV1N/fgJYB0dOBF1/ZmB0HFR+CzR/KwgWFwQtOFAQE7HdFAt/VldYYRBSTikqIgwLDgU+KFRCQRcSWAErWlBYYRpcTiA9Jh4ICEE7JVYLRxMYGg==
GkYDXHdyf1lIV1N/fgJYB0dOBVF/ZmB0HFRgC2E+IxkAFQAtbFwLXRoVFAEsQPedLxdaD21/PQgWEwAqPlRPXhdYFBQwWkcXMhtGTiB/LAgLEwQzJFBCVxNURgEpXFhCgtPwzS5x
GkYDXHdyf1lIV1N/fgJYB0dOBlV/ZmB0HFR9reIwbx4KEkE8j4IGWhUbGEQsXEEXIFRfByM6PQkEAwR/KVxCXh0CXQk6XUBYYQRWHDGc5hkQCE8=
GkYDXHdyf1lIV1N/fgJYB0dOBlN/ZmB0HFRgATR/PAgLEwgxKV0DExYRFAk2XhRaJAdeD21/KBgEFQU2j5JCVx1UV6fsV11QLlRCGyR/IghFAwQqbFQaWgEA984xUF1Wbw==
GkYDXHdyf1lIV1N/fgJYB0dOB1d/ZmB0HFR+CzR/KwgWFwQtOFAQE7HdFAt/VldYYRBSTikqIgwLDgU+KFRCQRcSWAErWlBYYRpcTiA9Jh4ICEE7JVYLRxMYGg==
GkYDXHdyf1lIV1N/fgJYB0dOB11/ZmB0HFRgC2E+IxkAFQAtbFwLXRoVFAEsQPedLxdaD21/PQgWEwAqPlRPXhdYFBQwWkcXMhtGTiB/LAgLEwQzJFBCVxNURgEpXFhCgtPwzS5x
GkYDXHdyf1lIV1N/fgJYB0dOAFF/ZmB0HFR9reIwbx4KEkE8j4IGWhUbGEQsXEEXIFRfByM6PQkEAwR/KVxCXh0CXQk6XUBYYQRWHDGc5hkQCE8=
GkYDXHdyf1lIV1N/fgJYB0dOAVV/ZmB0HFRgATR/PAgLEwgxKV0DExYRFAk2XhRaJAdeD21/KBgEFQU2j5JCVx1UV6fsV11QLlRCGyR/IghFAwQqbFQaWgEA984xUF1Wbw==
GkYDXHdyf1lIV1N/fgJYB0dOAVN/ZmB0HFR+CzR/KwgWFwQtOFAQE7HdFAt/VldYYRBSTikqIgwLDgU+KFRCQRcSWAErWlBYYRpcTiA9Jh4ICEE7JVYLRxMYGg==
GkYDXHdyf1lIV1N/fgJYB0ROBFd/ZmB0HFRgC2E+IxkAFQAtbFwLXRoVFAEsQPedLxdaD21/PQgWEwAqPlRPXhdYFBQwWkcXMhtGTiB/LAgLEwQzJFBCVxNURgEpXFhCgtPwzS5x
GkYDXHdyf1lIV1N/fgJYB0ROBF1/ZmB0HFR9reIwbx4KEkE8j4IGWhUbGEQsXEEXIFRfByM6PQkEAwR/KVxCXh0CXQk6XUBYYQRWHDGc5hkQCE8=
GkYDXHdyf1lIV1N/fgJYB0ROBVF/ZmB0HFRgATR/PAgLEwgxKV0DExYRFAk2XhRaJAdeD21/KBgEFQU2j5JCVx1UV6fsV11QLlRCGyR/IghFAwQqbFQaWgEA984xUF1Wbw==
GkYDXHdyf1lIV1N/fgJYB0ROBlV/ZmB0HFR+CzR/KwgWFwQtOFAQE7HdFAt/VldYYRBSTikqIgwLDgU+KFRCQRcSWAErWlBYYRpcTiA9Jh4ICEE7JVYLRxMYGg==
GkYDXHdyf1lIV1N/fgJYB0ROBlN/ZmB0HFRgC2E+IxkAFQAtbFwLXRoVFAEsQPedLxdaD21/PQgWEwAqPlRPXhdYFBQwWkcXMhtGTiB/LAgLEwQzJFBCVxNURgEpXFhCgtPwzS5x
GkYDXHdyf1lIV1N/fgJYB0ROB1d/ZmB0HFR9reIwbx4KEkE8j4IGWhUbGEQsXEEXIFRfByM6PQkEAwR/KVxCXh0CXQk6XUBYYQRWHDGc5hkQCE8=
GkYDXHdyf1lIV1N/fgJYB0ROB11/ZmB0HFRgATR/PAgLEwgxKV0DExYRFAk2XhRaJAdeD21/KBgEFQU2j5JCVx1UV6fsV11QLlRCGyR/IghFAwQqbFQaWgEA984xUF1Wbw==
GkYDXHdyf1lIV1N/fgJYB0ROAFF/ZmB0HFR+CzR/KwgWFwQtOFAQE7HdFAt/VldYYRBSTikqIgwLDgU+KFRCQRcSWAErWlBYYRpcTiA9Jh4ICEE7JVYLRxMYGg==
GkYDXHdyf1lIV1N/fgJYB0ROAVV/ZmB0HFRgC2E+IxkAFQAtbFwLXRoVFAEsQPedLxdaD21/PQgWEwAqPlRPXhdYFBQwWkcXMhtGTiB/LAgLEwQzJFBCVxNURgEpXFhCgtPwzS5x
GkYDXHdyf1lIV1N/fgJYB0ROAVN/ZmB0HFR9reIwbx4KEkE8j4IGWhUbGEQsXEEXIFRfByM6PQkEAwR/KVxCXh0CXQk6XUBYYQRWHDGc5hkQCE8=
GkYDXHdyf1lIV1N/fgJYB0VOBFd/ZmB0HFRgATR/PAgLEwgxKV0DExYRFAk2XhRaJAdeD21/KBgEFQU2j5JCVx1UV6fsV11QLlRCGyR/IghFAwQqbFQaWgEA984xUF1Wbw==
GkYDXHdyf1lIV1N/fgJYB0VOBF1/ZmB0HFR+CzR/KwgWFwQtOFAQE7HdFAt/VldYYRBSTikqIgwLDgU+KFRCQRcSWAErWlBYYRpcTiA9Jh4ICEE7JVYLRxMYGg==
GkYDXHdyf1lIV1N/fgJYB0VOBVF/ZmB0HFRgC2E+IxkAFQAtbFwLXRoVFAEsQPedLxdaD21/PQgWEwAqPlRPXhdYFBQwWkcXMhtGTiB/LAgLEwQzJFBCVxNURgEpXFhCgtPwzS5x
GkYDXHdyf1lIV1N/fgJYB0VOBlV/ZmB0HFR9reIwbx4KEkE8j4IGWhUbGEQsXEEXIFRfByM6PQkEAwR/KVxCXh0CXQk6XUBYYQRWHDGc5hkQCE8=
GkYDXHdyf1lIV1N/fgJYB0VOBlN/ZmB0HFRgATR/PAgLEwgxKV0DExYRFAk2XhRaJAdeD21/KBgEFQU2j5JCVx1UV6fsV11QLlRCGyR/IghFAwQqbFQaWgEA984xUF1Wbw==
GkYDXHdyf1lIV1N/fgJYB0VOB1d/ZmB0HFR+CzR/KwgWFwQtOFAQE7HdFAt/VldYYRBSTikqIgwLDgU+KFRCQRcSWAErWlBYYRpcTiA9Jh4ICEE7JVYLRxMYGg==
GkYDXHdyf1lIV1N/fgJYB0VOB11/ZmB0HFRgC2E+IxkAFQAtbFwLXRoVFAEsQPedLxdaD21/PQgWEwAqPlRPXhdYFBQwWkcXMhtGTiB/LAgLEwQzJFBCVxNURgEpXFhCgtPwzS5x
GkYDXHdyf1lIV1N/fgJYB0VOAFF/ZmB0HFR9reIwbx4KEkE8j4IGWhUbGEQsXEEXIFRfByM6PQkEAwR/KVxCXh0CXQk6XUBYYQRWHDGc5hkQCE8=
GkYDXHdyf1lIV1N/fgJYB0VOAVV/ZmB0HFRgATR/PAgLEwgxKV0DExYRFAk2XhRaJAdeD21/KBgEFQU2j5JCVx1UV6fsV11QLlRCGyR/IghFAwQqbFQaWgEA984xUF1Wbw==
GkYDXHdyf1lIV1N/fgJYB0VOAVN/ZmB0HFR+CzR/KwgWFwQtOFAQE7HdFAt/VldYYRBSTikqIgwLDgU+KFRCQRcSWAErWlBYYRpcTiA9Jh4ICEE7JVYLRxMYGg==
GkYDXHdyf1lIV1N/fgJYB0pOBFd/ZmB0HFRgC2E+IxkAFQAtbFwLXRoVFAEsQPedLxdaD21/PQgWEwAqPlRPXhdYFBQwWkcXMhtGTiB/LAgLEwQzJFBCVxNURgEpXFhCgtPwzS5x
GkYDXHdyf1lIV1N/fgJYB0pOBF1/ZmB0HFR9reIwbx4KEkE8j4IGWhUbGEQsXEEXIFRfByM6PQkEAwR/KVxCXh0CXQk6XUBYYQRWHDGc5hkQCE8=
GkYDXHdyf1lIV1N/fgJYB0pOBVF/ZmB0HFRgATR/PAgLEwgxKV0DExYRFAk2XhRaJAdeD21/KBgEFQU2j5JCVx1UV6fsV11QLlRCGyR/IghFAwQqbFQaWgEA984xUF1Wbw==
GkYDXHdyf1lIV1N/fgJYB0pOBlV/ZmB0HFR+CzR/KwgWFwQtOFAQE7HdFAt/VldYYRBSTikqIgwLDgU+KFRCQRcSWAErWlBYYRpcTiA9Jh4ICEE7JVYLRxMYGg==
GkYDXHdyf1lIV1N/fgJYB0pOBlN/ZmB0HFRgC2E+IxkAFQAtbFwLXRoVFAEsQPedLxdaD21/PQgWEwAqPlRPXhdYFBQwWkcXMhtGTiB/LAgLEwQzJFBCVxNURgEpXFhCgtPwzS5x
GkYDXHdyf1lIV1N/fgJYB0pOB1d/ZmB0HFR9reIwbx4KEkE8j4IGWhUbGEQsXEEXIFRfByM6PQkEAwR/KVxCXh0CXQk6XUBYYQRWHDGc5hkQCE8=
GkYDXHdyf1lIV1N/fgJYB0pOB11/ZmB0HFRgATR/PAgLEwgxKV0DExYRFAk2XhRaJAdeD21/KBgEFQU2j5JCVx1UV6fsV11QLlRCGyR/IghFAwQqbFQaWgEA984xUF1Wbw==
GkYDXHdyf1lIV1N/fgJYB0pOAFF/ZmB0HFR+CzR/KwgWFwQtOFAQE7HdFAt/VldYYRBSTikqIgwLDgU+KFRCQRcSWAErWlBYYRpcTiA9Jh4ICEE7JVYLRxMYGg==
GkYDXHdyf1lIV1N/fgJYB0pOAVV/ZmB0HFRgC2E+IxkAFQAtbFwLXRoVFAEsQPedLxdaD21/PQgWEwAqPlRPXhdYFBQwWkcXMhtGTiB/LAgLEwQzJFBCVxNURgEpXFhCgtPwzS5x
GkYDXHdyf1lIV1N/fgJYB0pOAVN/ZmB0HFR9reIwbx4KEkE8j4IGWhUbGEQsXEEXIFRfByM6PQkEAwR/KVxCXh0CXQk6XUBYYQRWHDGc5hkQCE8=
GkYDXHdyf1lIV1N/fgJYB0tOBFd/ZmB0HFRgATR/PAgLEwgxKV0DExYRFAk2XhRaJAdeD21/KBgEFQU2j5JCVx1UV6fsV11QLlRCGyR/IghFAwQqbFQaWgEA984xUF1Wbw==
GkYDXHdyf1lIV1N/fgJYB0tOBF1/ZmB0HFR+CzR/KwgWFwQtOFAQE7HdFAt/VldYYRBSTikqIgwLDgU+KFRCQRcSWAErWlBYYRpcTiA9Jh4ICEE7JVYLRxMYGg==
GkYDXHdyf1lIV1N/fgJYB0tOBVF/ZmB0HFRgC2E+IxkAFQAtbFwLXRoVFAEsQPedLxdaD21/PQgWEwAqPlRPXhdYFBQwWkcXMhtGTiB/LAgLEwQzJFBCVxNURgEpXFhCgtPwzS5x
GkYDXHdyf1lIV1N/fgJYB0tOBlV/ZmB0HFR9reIwbx4KEkE8j4IGWhUbGEQsXEEXIFRfByM6PQkEAwR/KVxCXh0CXQk6XUBYYQRWHDGc5hkQCE8=
GkYDXHdyf1lIV1N/fgJYB0tOBlN/ZmB0HFRgATR/PAgLEwgxKV0DExYRFAk2XhRaJAdeD21/KBgEFQU2j5JCVx1UV6fsV11QLlRCGyR/IghFAwQqbFQaWgEA984xUF1Wbw==
GkYDXHdyf1lIV1N/fgJYB0tOB1d/ZmB0HFR+CzR/KwgWFwQtOFAQE7HdFAt/VldYYRBSTikqIgwLDgU+KFRCQRcSWAErWlBYYRpcTiA9Jh4ICEE7JVYLRxMYGg==
GkYDXHdyf1lIV1N/fgJYB0tOB11/ZmB0HFRgC2E+IxkAFQAtbFwLXRoVFAEsQPedLxdaD21/PQgWEwAqPlRPXhdYFBQwWkcXMhtGTiB/LAgLEwQzJFBCVxNURgEpXFhCgtPwzS5x
GkYDXHdyf1lIV1N/fgJYB0tOAFF/ZmB0HFR9reIwbx4KEkE8j4IGWhUbGEQsXEEXIFRfByM6PQkEAwR/KVxCXh0CXQk6XUBYYQRWHDGc5hkQCE8=
GkYDXHdyf1lIV1N/fgJYB0tOAVV/ZmB0HFRgATR/PAgLEwgxKV0DExYRFAk2XhRaJAdeD21/KBgEFQU2j5JCVx1UV6fsV11QLlRCGyR/IghFAwQqbFQaWgEA984xUF1Wbw==
GkYDXHdyf1lIV1N/fgJYB0tOAVN/ZmB0HFR+CzR/KwgWFwQtOFAQE7HdFAt/VldYYRBSTikqIgwLDgU+KFRCQRcSWAErWlBYYRpcTiA9Jh4ICEE7JVYLRxMYGg==
GkYDXHdyf1lIV1N/fgJYBkJOBFd/ZmB0HFRgC2E+IxkAFQAtbFwLXRoVFAEsQPedLxdaD21/PQgWEwAqPlRPXhdYFBQwWkcXMhtGTiB/LAgLEwQzJFBCVxNURgEpXFhCgtPwzS5x
GkYDXHdyf1lIV1N/fgJYBkJOBF1/ZmB0HFR9reIwbx4KEkE8j4IGWhUbGEQsXEEXIFRfByM6PQkEAwR/KVxCXh0CXQk6XUBYYQRWHDGc5hkQCE8=
GkYDXHdyf1lIV1N/fgJYBkJOBVF/ZmB0HFRgATR/PAgLEwgxKV0DExYRFAk2XhRaJAdeD21/KBgEFQU2j5JCVx1UV6fsV11QLlRCGyR/IghFAwQqbFQaWgEA984xUF1Wbw==
GkYDXHdyf1lIV1N/fgJYBkJOBlV/ZmB0HFR+CzR/KwgWFwQtOFAQE7HdFAt/VldYYRBSTikqIgwLDgU+KFRCQRcSWAErWlBYYRpcTiA9Jh4ICEE7JVYLRxMYGg==
GkYDXHdyf1lIV1N/fgJYBkJOBlN/ZmB0HFRgC2E+IxkAFQAtbFwLXRoVFAEsQPedLxdaD21/PQgWEwAqPlRPXhdYFBQwWkcXMhtGTiB/LAgLEwQzJFBCVxNURgEpXFhCgtPwzS5x
GkYDXHdyf1lIV1N/fgJYBkJOB1d/ZmB0HFR9reIwbx4KEkE8j4IGWhUbGEQsXEEXIFRfByM6PQkEAwR/KVxCXh0CXQk6XUBYYQRWHDGc5hkQCE8=
GkYDXHdyf1lIV1N/fgJYBkJOB11/ZmB0HFRgATR/PAgLEwgxKV0DExYRFAk2XhRaJAdeD21/KBgEFQU2j5JCVx1UV6fsV11QLlRCGyR/IghFAwQqbFQaWgEA984xUF1Wbw==
GkYDXHdyf1lIV1N/fgJYBkJOAFF/ZmB0HFR+CzR/KwgWFwQtOFAQE7HdFAt/VldYYRBSTikqIgwLDgU+KFRCQRcSWAErWlBYYRpcTiA9Jh4ICEE7JVYLRxMYGg==
GkYDXHdyf1lIV1N/fgJYBkJOAVV/ZmB0HFRgC2E+IxkAFQAtbFwLXRoVFAEsQPedLxdaD21/PQgWEwAqPlRPXhdYFBQwWkcXMhtGTiB/LAgLEwQzJFBCVxNURgEpXFhCgtPwzS5x
GkYDXHdyf1lIV1N/fgJYBkJOAVN/ZmB0HFR9reIwbx4KEkE8j4IGWhUbGEQsXEEXIFRfByM6PQkEAwR/KVxCXh0CXQk6XUBYYQRWHDGc5hkQCE8=
GkYDXHdyf1lIV1N/fgJYBkNOBFd/ZmB0HFRgATR/PAgLEwgxKV0DExYRFAk2XhRaJAdeD21/KBgEFQU2j5JCVx1UV6fsV11QLlRCGyR/IghFAwQqbFQaWgEA984xUF1Wbw==
GkYDXHdyf1lIV1N/fgJYBkNOBF1/ZmB0HFR+CzR/KwgWFwQtOFAQE7HdFAt/VldYYRBSTikqIgwLDgU+KFRCQRcSWAErWlBYYRpcTiA9Jh4ICEE7JVYLRxMYGg==
GkYDXHdyf1lIV1N/fgJYBkNOBVF/ZmB0HFRgC2E+IxkAFQAtbFwLXRoVFAEsQPedLxdaD21/PQgWEwAqPlRPXhdYFBQwWkcXMhtGTiB/LAgLEwQzJFBCVxNURgEpXFhCgtPwzS5x
GkYDXHdyf1lIV1N/fgJYBkNOBlV/ZmB0HFR9reIwbx4KEkE8j4IGWhUbGEQsXEEXIFRfByM6PQkEAwR/KVxCXh0CXQk6XUBYYQRWHDGc5hkQCE8=
GkYDXHdyf1lIV1N/fgJYBkNOBlN/ZmB0HFRgATR/PAgLEwgxKV0DExYRFAk2XhRaJAdeD21/KBgEFQU2j5JCVx1UV6fsV11QLlRCGyR/IghFAwQqbFQaWgEA984xUF1Wbw==
GkYDXHdyf1lIV1N/fgJYBkNOB1d/ZmB0HFR+CzR/KwgWFwQtOFAQE7HdFAt/VldYYRBSTikqIgwLDgU+KFRCQRcSWAErWlBYYRpcTiA9Jh4ICEE7JVYLRxMYGg==
GkYDXHdyf1lIV1N/fgJYBkNOB11/ZmB0HFRgC2E+IxkAFQAtbFwLXRoVFAEsQPedLxdaD21/PQgWEwAqPlRPXhdYFBQwWkcXMhtGTiB/LAgLEwQzJFBCVxNURgEpXFhCgtPwzS5x
GkYDXHdyf1lIV1N/fgJYBkNOAFF/ZmB0HFR9reIwbx4KEkE8j4IGWhUbGEQsXEEXIFRfByM6PQkEAwR/KVxCXh0CXQk6XUBYYQRWHDGc5hkQCE8=
GkYDXHdyf1lIV1N/fgJYBkNOAVV/ZmB0HFRgATR/PAgLEwgxKV0DExYRFAk2XhRaJAdeD21/KBgEFQU2j5JCVx1UV6fsV11QLlRCGyR/IghFAwQqbFQaWgEA984xUF1Wbw==
GkYDXHdyf1lIV1N/fgJYBkNOAVN/ZmB0HFR+CzR/KwgWFwQtOFAQE7HdFAt/VldYYRBSTikqIgwLDgU+KFRCQRcSWAErWlBYYRpcTiA9Jh4ICEE7JVYLRxMYGg==
GkYDXHdyf1lIV1N/fgJYBkBOBFd/ZmB0HFRgC2E+IxkAFQAtbFwLXRoVFAEsQPedLxdaD21/PQgWEwAqPlRPXhdYFBQwWkcXMhtGTiB/LAgLEwQzJFBCVxNURgEpXFhCgtPwzS5x
GkYDXHdyf1lIV1N/fgJYBkBOBF1/ZmB0HFR9reIwbx4KEkE8j4IGWhUbGEQsXEEXIFRfByM6PQkEAwR/KVxCXh0CXQk6XUBYYQRWHDGc5hkQCE8=
GkYDXHdyf1lIV1N/fgJYBkBOBVF/ZmB0HFRgATR/PAgLEwgxKV0DExYRFAk2XhRaJAdeD21/KBgEFQU2j5JCVx1UV6fsV11QLlRCGyR/IghFAwQqbFQaWgEA984xUF1Wbw==
GkYDXHdyf1lIV1N/fgJYBkBOBlV/ZmB0HFR+CzR/KwgWFwQtOFAQE7HdFAt/VldYYRBSTikqIgwLDgU+KFRCQRcSWAErWlBYYRpcTiA9Jh4ICEE7JVYLRxMYGg==
GkYDXHdyf1lIV1N/fgJYBkBOBlN/ZmB0HFRgC2E+IxkAFQAtbFwLXRoVFAEsQPedLxdaD21/PQgWEwAqPlRPXhdYFBQwWkcXMhtGTiB/LAgLEwQzJFBCVxNURgEpXFhCgtPwzS5x
GkYDXHdyf1lIV1N/fgJYBkBOB1d/ZmB0HFR9reIwbx4KEkE8j4IGWhUbGEQsXEEXIFRfByM6PQkEAwR/KVxCXh0CXQk6XUBYYQRWHDGc5hkQCE8=
GkYDXHdyf1lIV1N/fgJYBkBOB11/ZmB0HFRgATR/PAgLEwgxKV0DExYRFAk2XhRaJAdeD21/KBgEFQU2j5JCVx1UV6fsV11QLlRCGyR/IghFAwQqbFQaWgEA984xUF1Wbw==
GkYDXHdyf1lIV1N/fgJYBkBOAFF/ZmB0HFR+CzR/KwgWFwQtOFAQE7HdFAt/VldYYRBSTikqIgwLDgU+KFRCQRcSWAErWlBYYRpcTiA9Jh4ICEE7JVYLRxMYGg==
GkYDXHdyf1lIV1N/fgJYBkBOAVV/ZmB0HFRgC2E+IxkAFQAtbFwLXRoVFAEsQPedLxdaD21/PQgWEwAqPlRPXhdYFBQwWkcXMhtGTiB/LAgLEwQzJFBCVxNURgEpXFhCgtPwzS5x
GkYDXHdyf1lIV1N/fgJYBkBOAVN/ZmB0HFR9reIwbx4KEkE8j4IGWhUbGEQsXEEXIFRfByM6PQkEAwR/KVxCXh0CXQk6XUBYYQRWHDGc5hkQCE8=
GkYDXHdyf1lIV1N/fgJYBkFOBFd/ZmB0HFRgATR/PAgLEwgxKV0DExYRFAk2XhRaJAdeD21/KBgEFQU2j5JCVx1UV6fsV11QLlRCGyR/IghFAwQqbFQaWgEA984xUF1Wbw==
GkYDXHdyf1lIV1N/fgJYBkFOBF1/ZmB0HFR+CzR/KwgWFwQtOFAQE7HdFAt/VldYYRBSTikqIgwLDgU+KFRCQRcSWAErWlBYYRpcTiA9Jh4ICEE7JVYLRxMYGg==
GkYDXHdyf1lIV1N/fgJYBkFOBVF/ZmB0HFRgC2E+IxkAFQAtbFwLXRoVFAEsQPedLxdaD21/PQgWEwAqPlRPXhdYFBQwWkcXMhtGTiB/LAgLEwQzJFBCVxNURgEpXFhCgtPwzS5x
GkYDXHdyf1lIV1N/fgJYBkFOBlV/ZmB0HFR9reIwbx4KEkE8j4IGWhUbGEQsXEEXIFRfByM6PQkEAwR/KVxCXh0CXQk6XUBYYQRWHDGc5hkQCE8=
GkYDXHdyf1lIV1N/fgJYBkFOBlN/ZmB0HFRgATR/PAgLEwgxKV0DExYRFAk2XhRaJAdeD21/KBgEFQU2j5JCVx1UV6fsV11QLlRCGyR/IghFAwQqbFQaWgEA984xUF1Wbw==
GkYDXHdyf1lIV1N/fgJYBkFOB1d/ZmB0HFR+CzR/KwgWFwQtOFAQE7HdFAt/VldYYRBSTikqIgwLDgU+KFRCQRcSWAErWlBYYRpcTiA9Jh4ICEE7JVYLRxMYGg==
GkYDXHdyf1lIV1N/fgJYBkFOB11/ZmB0HFRgC2E+IxkAFQAtbFwLXRoVFAEsQPedLxdaD21/PQgWEwAqPlRPXhdYFBQwWkcXMhtGTiB/LAgLEwQzJFBCVxNURgEpXFhCgtPwzS5x
GkYDXHdyf1lIV1N/fgJYBkFOAFF/ZmB0HFR9reIwbx4KEkE8j4IGWhUbGEQsXEEXIFRfByM6PQkEAwR/KVxCXh0CXQk6XUBYYQRWHDGc5hkQCE8=
GkYDXHdyf1lIV1N/fgJYBkFOAVV/ZmB0HFRgATR/PAgLEwgxKV0DExYRFAk2XhRaJAdeD21/KBgEFQU2j5JCVx1UV6fsV11QLlRCGyR/IghFAwQqbFQaWgEA984xUF1Wbw==
GkYDXHdyf1lIV1N/fgJYBkFOAVN/ZmB0HFR+CzR/KwgWFwQtOFAQE7HdFAt/VldYYRBSTikqIgwLDgU+KFRCQRcSWAErWlBYYRpcTiA9Jh4ICEE7JVYLRxMYGg==
GkYDXHdyf1lIV1N/fgJYBkZOBFd/ZmB0HFRgC2E+IxkAFQAtbFwLXRoVFAEsQPedLxdaD21/PQgWEwAqPlRPXhdYFBQwWkcXMhtGTiB/LAgLEwQzJFBCVxNURgEpXFhCgtPwzS5x
GkYDXHdyf1lIV1N/fgJYBkZOBF1/ZmB0HFR9reIwbx4KEkE8j4IGWhUbGEQsXEEXIFRfByM6PQkEAwR/KVxCXh0CXQk6XUBYYQRWHDGc5hkQCE8=
GkYDXHdyf1lIV1N/fgJYBkZOBVF/ZmB0HFRgATR/PAgLEwgxKV0DExYRFAk2XhRaJAdeD21/KBgEFQU2j5JCVx1UV6fsV11QLlRCGyR/IghFAwQqbFQaWgEA984xUF1Wbw==
GkYDXHdyf1lIV1N/fgJYBkZOBlV/ZmB0HFR+CzR/KwgWFwQtOFAQE7HdFAt/VldYYRBSTikqIgwLDgU+KFRCQRcSWAErWlBYYRpcTiA9Jh4ICEE7JVYLRxMYGg==
GkYDXHdyf1lIV1N/fgJYBkZOBlN/ZmB0HFRgC2E+IxkAFQAtbFwLXRoVFAEsQPedLxdaD21/PQgWEwAqPlRPXhdYFBQwWkcXMhtGTiB/LAgLEwQzJFBCVxNURgEpXFhCgtPwzS5x
GkYDXHdyf1lIV1N/fgJYBkZOB1d/ZmB0HFR9reIwbx4KEkE8j4IGWhUbGEQsXEEXIFRfByM6PQkEAwR/KVxCXh0CXQk6XUBYYQRWHDGc5hkQCE8=
GkYDXHdyf1lIV1N/fgJYBkZOB11/ZmB0HFRgATR/PAgLEwgxKV0DExYRFAk2XhRaJAdeD21/KBgEFQU2j5JCVx1UV6fsV11QLlRCGyR/IghFAwQqbFQaWgEA984xUF1Wbw==
GkYDXHdyf1lIV1N/fgJYBkZOAFF/ZmB0HFR+CzR/KwgWFwQtOFAQE7HdFAt/VldYYRBSTikqIgwLDgU+KFRCQRcSWAErWlBYYRpcTiA9Jh4ICEE7JVYLRxMYGg==
GkYDXHdyf1lIV1N/fgJYBkZOAVV/ZmB0HFRgC2E+IxkAFQAtbFwLXRoVFAEsQPedLxdaD21/PQgWEwAqPlRPXhdYFBQwWkcXMhtGTiB/LAgLEwQzJFBCVxNURgEpXFhCgtPwzS5x
GkYDXHdyf1lIV1N/fgJYBkZOAVN/ZmB0HFR9reIwbx4KEkE8j4IGWhUbGEQsXEEXIFRfByM6PQkEAwR/KVxCXh0CXQk6XUBYYQRWHDGc5hkQCE8=
GkYDXHdyf1lIV1N/fgJYBkdOBFd/ZmB0HFRgATR/PAgLEwgxKV0DExYRFAk2XhRaJAdeD21/KBgEFQU2j5JCVx1UV6fsV11QLlRCGyR/IghFAwQqbFQaWgEA984xUF1Wbw==
GkYDXHdyf1lIV1N/fgJYBkdOBF1/ZmB0HFR+CzR/KwgWFwQtOFAQE7HdFAt/VldYYRBSTikqIgwLDgU+KFRCQRcSWAErWlBYYRpcTiA9Jh4ICEE7JVYLRxMYGg==
GkYDXHdyf1lIV1N/fgJYBkdOBVF/ZmB0HFRgC2E+IxkAFQAtbFwLXRoVFAEsQPedLxdaD21/PQgWEwAqPlRPXhdYFBQwWkcXMhtGTiB/LAgLEwQzJFBCVxNURgEpXFhCgtPwzS5x
GkYDXHdyf1lIV1N/fgJYBkdOBlV/ZmB0HFR9reIwbx4KEkE8j4IGWhUbGEQsXEEXIFRfByM6PQkEAwR/KVxCXh0CXQk6XUBYYQRWHDGc5hkQCE8=
GkYDXHdyf1lIV1N/fgJYBkdOBlN/ZmB0HFRgATR/PAgLEwgxKV0DExYRFAk2XhRaJAdeD21/KBgEFQU2j5JCVx1UV6fsV11QLlRCGyR/IghFAwQqbFQaWgEA984xUF1Wbw==
GkYDXHdyf1lIV1N/fgJYBkdOB1d/ZmB0HFR+CzR/KwgWFwQtOFAQE7HdFAt/VldYYRBSTikqIgwLDgU+KFRCQRcSWAErWlBYYRpcTiA9Jh4ICEE7JVYLRxMYGg==
GkYDXHdyf1lIV1N/fgJYBkdOB11/ZmB0HFRgC2E+IxkAFQAtbFwLXRoVFAEsQPedLxdaD21/PQgWEwAqPlRPXhdYFBQwWkcXMhtGTiB/LAgLEwQzJFBCVxNURgEpXFhCgtPwzS5x
GkYDXHdyf1lIV1N/fgJYBkdOAFF/ZmB0HFR9reIwbx4KEkE8j4IGWhUbGEQsXEEXIFRfByM6PQkEAwR/KVxCXh0CXQk6XUBYYQRWHDGc5hkQCE8=
GkYDXHdyf1lIV1N/fgJYBkdOAVV/ZmB0HFRgATR/PAgLEwgxKV0DExYRFAk2XhRaJAdeD21/KBgEFQU2j5JCVx1UV6fsV11QLlRCGyR/IghFAwQqbFQaWgEA984xUF1Wbw==
GkYDXHdyf1lIV1N/fgJYBkdOAVN/ZmB0HFR+CzR/KwgWFwQtOFAQE7HdFAt/VldYYRBSTikqIgwLDgU+KFRCQRcSWAErWlBYYRpcTiA9Jh4ICEE7JVYLRxMYGg==
GkYDXHdyf1lIV1N/fgJYBkROBFd/ZmB0HFRgC2E+IxkAFQAtbFwLXRoVFAEsQPedLxdaD21/PQgWEwAqPlRPXhdYFBQwWkcXMhtGTiB/LAgLEwQzJFBCVxNURgEpXFhCgtPwzS5x
GkYDXHdyf1lIV1N/fgJYBkROBF1/ZmB0HFR9reIwbx4KEkE8j4IGWhUbGEQsXEEXIFRfByM6PQkEAwR/KVxCXh0CXQk6XUBYYQRWHDGc5hkQCE8=
GkYDXHdyf1lIV1N/fgJYBkROBVF/ZmB0HFRgATR/PAgLEwgxKV0DExYRFAk2XhRaJAdeD21/KBgEFQU2j5JCVx1UV6fsV11QLlRCGyR/IghFAwQqbFQaWgEA984xUF1Wbw==
GkYDXHdyf1lIV1N/fgJYBkROBlV/ZmB0HFR+CzR/KwgWFwQtOFAQE7HdFAt/VldYYRBSTikqIgwLDgU+KFRCQRcSWAErWlBYYRpcTiA9Jh4ICEE7JVYLRxMYGg==
GkYDXHdyf1lIV1N/fgJYBkROBlN/ZmB0HFRgC2E+IxkAFQAtbFwLXRoVFAEsQPedLxdaD21/PQgWEwAqPlRPXhdYFBQwWkcXMhtGTiB/LAgLEwQzJFBCVxNURgEpXFhCgtPwzS5x
GkYDXHdyf1lIV1N/fgJYBkROB1d/ZmB0HFR9reIwbx4KEkE8j4IGWhUbGEQsXEEXIFRfByM6PQkEAwR/KVxCXh0CXQk6XUBYYQRWHDGc5hkQCE8=
GkYDXHdyf1lIV1N/fgJYBkROB11/ZmB0HFRgATR/PAgLEwgxKV0DExYRFAk2XhRaJAdeD21/KBgEFQU2j5JCVx1UV6fsV11QLlRCGyR/IghFAwQqbFQaWgEA984xUF1Wbw==
GkYDXHdyf1lIV1N/fgJYBkROAFF/ZmB0HFR+CzR/KwgWFwQtOFAQE7HdFAt/VldYYRBSTikqIgwLDgU+KFRCQRcSWAErWlBYYRpcTiA9Jh4ICEE7JVYLRxMYGg==
GkYDXHdyf1lIV1N/fgJYBkROAVV/ZmB0HFRgC2E+IxkAFQAtbFwLXRoVFAEsQPedLxdaD21/PQgWEwAqPlRPXhdYFBQwWkcXMhtGTiB/LAgLEwQzJFBCVxNURgEpXFhCgtPwzS5x
GkYDXHdyf1lIV1N/fgJYBkROAVN/ZmB0HFR9reIwbx4KEkE8j4IGWhUbGEQsXEEXIFRfByM6PQkEAwR/KVxCXh0CXQk6XUBYYQRWHDGc5hkQCE8=
GkYDXHdyf1lIV1N/fgJYBkVOBFd/ZmB0HFRgATR/PAgLEwgxKV0DExYRFAk2XhRaJAdeD21/KBgEFQU2j5JCVx1UV6fsV11QLlRCGyR/IghFAwQqbFQaWgEA984xUF1Wbw==
GkYDXHdyf1lIV1N/fgJYBkVOBF1/ZmB0HFR+CzR/KwgWFwQtOFAQE7HdFAt/VldYYRBSTikqIgwLDgU+KFRCQRcSWAErWlBYYRpcTiA9Jh4ICEE7JVYLRxMYGg==
GkYDXHdyf1lIV1N/fgJYBkVOBVF/ZmB0HFRgC2E+IxkAFQAtbFwLXRoVFAEsQPedLxdaD21/PQgWEwAqPlRPXhdYFBQwWkcXMhtGTiB/LAgLEwQzJFBCVxNURgEpXFhCgtPwzS5x
GkYDXHdyf1lIV1N/fgJYBkVOBlV/ZmB0HFR9reIwbx4KEkE8j4IGWhUbGEQsXEEXIFRfByM6PQkEAwR/KVxCXh0CXQk6XUBYYQRWHDGc5hkQCE8=
GkYDXHdyf1lIV1N/fgJYBkVOBlN/ZmB0HFRgATR/PAgLEwgxKV0DExYRFAk2XhRaJAdeD21/KBgEFQU2j5JCVx1UV6fsV11QLlRCGyR/IghFAwQqbFQaWgEA984xUF1Wbw==
GkYDXHdyf1lIV1N/fgJYBkVOB1d/ZmB0HFR+CzR/KwgWFwQtOFAQE7HdFAt/VldYYRBSTikqIgwLDgU+KFRCQRcSWAErWlBYYRpcTiA9Jh4ICEE7JVYLRxMYGg==
GkYDXHdyf1lIV1N/fgJYBkVOB11/ZmB0HFRgC2E+IxkAFQAtbFwLXRoVFAEsQPedLxdaD21/PQgWEwAqPlRPXhdYFBQwWkcXMhtGTiB/LAgLEwQzJFBCVxNURgEpXFhCgtPwzS5x
GkYDXHdyf1lIV1N/fgJYBkVOAFF/ZmB0HFR9reIwbx4KEkE8j4IGWhUbGEQsXEEXIFRfByM6PQkEAwR/KVxCXh0CXQk6XUBYYQRWHDGc5hkQCE8=
GkYDXHdyf1lIV1N/fgJYBkVOAVV/ZmB0HFRgATR/PAgLEwgxKV0DExYRFAk2XhRaJAdeD21/KBgEFQU2j5JCVx1UV6fsV11QLlRCGyR/IghFAwQqbFQaWgEA984xUF1Wbw==
GkYDXHdyf1lIV1N/fgJYBkVOAVN/ZmB0HFR+CzR/KwgWFwQtOFAQE7HdFAt/VldYYRBSTikqIgwLDgU+KFRCQRcSWAErWlBYYRpcTiA9Jh4ICEE7JVYLRxMYGg==
GkYDXHdyf1lIV1N/fgJYBkpOBFd/ZmB0HFRgC2E+IxkAFQAtbFwLXRoVFAEsQPedLxdaD21/PQgWEwAqPlRPXhdYFBQwWkcXMhtGTiB/LAgLEwQzJFBCVxNURgEpXFhCgtPwzS5x
GkYDXHdyf1lIV1N/fgJYBkpOBF1/ZmB0HFR9reIwbx4KEkE8j4IGWhUbGEQsXEEXIFRfByM6PQkEAwR/KVxCXh0CXQk6XUBYYQRWHDGc5hkQCE8=
GkYDXHdyf1lIV1N/fgJYBkpOBVF/ZmB0HFRgATR/PAgLEwgxKV0DExYRFAk2XhRaJAdeD21/KBgEFQU2j5JCVx1UV6fsV11QLlRCGyR/IghFAwQqbFQaWgEA984xUF1Wbw==
GkYDXHdyf1lIV1N/fgJYBkpOBlV/ZmB0HFR+CzR/KwgWFwQtOFAQE7HdFAt/VldYYRBSTikqIgwLDgU+KFRCQRcSWAErWlBYYRpcTiA9Jh4ICEE7JVYLRxMYGg==
GkYDXHdyf1lIV1N/fgJYBkpOBlN/ZmB0HFRgC2E+IxkAFQAtbFwLXRoVFAEsQPedLxdaD21/PQgWEwAqPlRPXhdYFBQwWkcXMhtGTiB/LAgLEwQzJFBCVxNURgEpXFhCgtPwzS5x
GkYDXHdyf1lIV1N/fgJYBkpOB1d/ZmB0HFR9reIwbx4KEkE8j4IGWhUbGEQsXEEXIFRfByM6PQkEAwR/KVxCXh0CXQk6XUBYYQRWHDGc5hkQCE8=
GkYDXHdyf1lIV1N/fgJYBkpOB11/ZmB0HFRgATR/PAgLEwgxKV0DExYRFAk2XhRaJAdeD21/KBgEFQU2j5JCVx1UV6fsV11QLlRCGyR/IghFAwQqbFQaWgEA984xUF1Wbw==
GkYDXHdyf1lIV1N/fgJYBkpOAFF/ZmB0HFR+CzR/KwgWFwQtOFAQE7HdFAt/VldYYRBSTikqIgwLDgU+KFRCQRcSWAErWlBYYRpcTiA9Jh4ICEE7JVYLRxMYGg==
GkYDXHdyf1lIV1N/fgJYBkpOAVV/ZmB0HFRgC2E+IxkAFQAtbFwLXRoVFAEsQPedLxdaD21/PQgWEwAqPlRPXhdYFBQwWkcXMhtGTiB/LAgLEwQzJFBCVxNURgEpXFhCgtPwzS5x
GkYDXHdyf1lIV1N/fgJYBkpOAVN/ZmB0HFR9reIwbx4KEkE8j4IGWhUbGEQsXEEXIFRfByM6PQkEAwR/KVxCXh0CXQk6XUBYYQRWHDGc5hkQCE8=
GkYDXHdyf1lIV1N/fgJYBktOBFd/ZmB0HFRgATR/PAgLEwgxKV0DExYRFAk2XhRaJAdeD21/KBgEFQU2j5JCVx1UV6fsV11QLlRCGyR/IghFAwQqbFQaWgEA984xUF1Wbw==
GkYDXHdyf1lIV1N/fgJYBktOBF1/ZmB0HFR+CzR/KwgWFwQtOFAQE7HdFAt/VldYYRBSTikqIgwLDgU+KFRCQRcSWAErWlBYYRpcTiA9Jh4ICEE7JVYLRxMYGg==
GkYDXHdyf1lIV1N/fgJYBktOBVF/ZmB0HFRgC2E+IxkAFQAtbFwLXRoVFAEsQPedLxdaD21/PQgWEwAqPlRPXhdYFBQwWkcXMhtGTiB/LAgLEwQzJFBCVxNURgEpXFhCgtPwzS5x
GkYDXHdyf1lIV1N/fgJYBktOBlV/ZmB0HFR9reIwbx4KEkE8j4IGWhUbGEQsXEEXIFRfByM6PQkEAwR/KVxCXh0CXQk6XUBYYQRWHDGc5hkQCE8=
GkYDXHdyf1lIV1N/fgJYBktOBlN/ZmB0HFRgATR/PAgLEwgxKV0DExYRFAk2XhRaJAdeD21/KBgEFQU2j5JCVx1UV6fsV11QLlRCGyR/IghFAwQqbFQaWgEA984xUF1Wbw==
GkYDXHdyf1lIV1N/fgJYBktOB1d/ZmB0HFR+CzR/KwgWFwQtOFAQE7HdFAt/VldYYRBSTikqIgwLDgU+KFRCQRcSWAErWlBYYRpcTiA9Jh4ICEE7JVYLRxMYGg==
GkYDXHdyf1lIV1N/fgJYBktOB11/ZmB0HFRgC2E+IxkAFQAtbFwLXRoVFAEsQPedLxdaD21/PQgWEwAqPlRPXhdYFBQwWkcXMhtGTiB/LAgLEwQzJFBCVxNURgEpXFhCgtPwzS5x
GkYDXHdyf1lIV1N/fgJYBktOAFF/ZmB0HFR9reIwbx4KEkE8j4IGWhUbGEQsXEEXIFRfByM6PQkEAwR/KVxCXh0CXQk6XUBYYQRWHDGc5hkQCE8=
GkYDXHdyf1lIV1N/fgJYBktOAVV/ZmB0HFRgATR/PAgLEwgxKV0DExYRFAk2XhRaJAdeD21/KBgEFQU2j5JCVx1UV6fsV11QLlRCGyR/IghFAwQqbFQaWgEA984xUF1Wbw==
GkYDXHdyf1lIV1N/fgJYBktOAVN/ZmB0HFR+CzR/KwgWFwQtOFAQE7HdFAt/VldYYRBSTikqIgwLDgU+KFRCQRcSWAErWlBYYRpcTiA9Jh4ICEE7JVYLRxMYGg==
GkYDXHdyf1lIV1J/fAFYA0JOBFd/ZmB0HFRgC2E+IxkAFQAtbFwLXRoVFAEsQPedLxdaD21/PQgWEwAqPlRPXhdYFBQwWkcXMhtGTiB/LAgLEwQzJFBCVxNURgEpXFhCgtPwzS5x
GkYDXHdyf1lIV1J/fAFYA0JOBF1/ZmB0HFR9reIwbx4KEkE8j4IGWhUbGEQsXEEXIFRfByM6PQkEAwR/KVxCXh0CXQk6XUBYYQRWHDGc5hkQCE8=
