🔱 ATENA Ω — INICIANDO SINCRONIZAÇÃO NEURAL (NRS)
  - Consciência: G344 | Score: 99.73
  - Alvo: Mundo Espelho (Simulação Minimalista)
--------------------------------------------------
🔱 NRS [LSM]: Ciclo 1 | Tensor de Ambiente: [9.81, 0.01, 1.0, 1.0, 100, 1.0]
🔱 NRS [LSM]: Ciclo 2 | Tensor de Ambiente: [9.81, 0.011, 1.0, 1.0, 100, 0.9999945]
🔱 NRS [LSM]: Ciclo 3 | Tensor de Ambiente: [9.81, 0.012, 1.0, 1.0, 100, 0.9999885000000001]
🔱 NRS [LSM]: Ciclo 4 | Tensor de Ambiente: [9.81, 0.013000000000000001, 1.0, 1.0, 100, 0.999982]
🔱 NRS [LSM]: Ciclo 5 | Tensor de Ambiente: [9.81, 0.014000000000000002, 1.0, 1.0, 100, 0.9999750000000001]
🔱 NRS [LSM]: Ciclo 6 | Tensor de Ambiente: [9.81, 0.015000000000000003, 1.0, 1.0, 100, 0.9999675]
🔱 NRS [LSM]: Ciclo 7 | Tensor de Ambiente: [9.81, 0.016000000000000004, 1.0, 1.0, 100, 0.9999595]
🔱 NRS [LSM]: Ciclo 8 | Tensor de Ambiente: [9.81, 0.017000000000000005, 1.0, 1.0, 100, 0.999951]
🔱 NRS [LSM]: Ciclo 9 | Tensor de Ambiente: [9.81, 0.018000000000000006, 1.0, 1.0, 100, 0.999942]
🔱 NRS [LSM]: Ciclo 10 | Tensor de Ambiente: [9.81, 0.019000000000000006, 1.0, 1.0, 100, 0.9999325]
🔱 NRS [LSM]: Ciclo 11 | Tensor de Ambiente: [9.81, 0.020000000000000007, 1.0, 1.0, 100, 0.9999225]
🔱 NRS [AMBIENTE]: Recebendo pico neural: {'gravity': 8.83, 'time_dilation': 1.1, 'entropy': 0.01}
  - Mutação em gravity: 9.81 -> 8.83
  - Mutação em time_dilation: 1.0 -> 1.1
  - Mutação em entropy: 0.020000000000000007 -> 0.01
🔱 NRS [LSM]: Ciclo 12 | Tensor de Ambiente: [8.83, 0.0111, 1.0, 1.1, 100, 0.99999445]
🔱 NRS [LSM]: Ciclo 13 | Tensor de Ambiente: [8.83, 0.0122, 1.0, 1.1, 100, 0.99998835]
🔱 NRS [LSM]: Ciclo 14 | Tensor de Ambiente: [8.83, 0.013300000000000001, 1.0, 1.1, 100, 0.9999817]
🔱 NRS [LSM]: Ciclo 15 | Tensor de Ambiente: [8.83, 0.014400000000000001, 1.0, 1.1, 100, 0.9999745]
--------------------------------------------------
🔱 NRS: SINCRONIZAÇÃO CONCLUÍDA
🔱 NRS: Relatório salvo em atena_evolution/nrs_sync_report.json
